
**** Build of configuration Debug for project armV4_2 ****

/opt/ti/ccsv6/utils/bin/gmake -k all 
Building file: ../armV4_2/armMainV4_2.c
Invoking: ARM Compiler
"/opt/ti/ccsv6/tools/compiler/arm_5.1.6/bin/armcl" -mv7M4 --code_state=16 --float_support=FPv4SPD16 --abi=eabi -me -Ooff --include_path="/opt/ti/ccsv6/tools/compiler/arm_5.1.6/include" --include_path="/opt/ti/tirtos_tivac_2_10_01_38/products/TivaWare_C_Series-2.1.0.12573c/" --include_path="C:/ti/TivaWare_C_Series-2.1.0.12573/examples/boards/ek-tm4c123gxl" --include_path="C:/ti/TivaWare_C_Series-2.1.0.12573" --preinclude="stdint.h" --preinclude="stdbool.h" -g --gcc --define=ccs="ccs" --define=PART_TM4C123GH6PM --define=TARGET_IS_TM4C123_RB1 --display_error_number --diag_warning=225 --diag_wrap=off --gen_func_subsections=on --ual --preproc_with_compile --preproc_dependency="armV4_2/armMainV4_2.pp" --obj_directory="armV4_2"  "../armV4_2/armMainV4_2.c"
Finished building: ../armV4_2/armMainV4_2.c
 
Building file: ../armV4_2/armMainV4_2Testing.c
Invoking: ARM Compiler
"/opt/ti/ccsv6/tools/compiler/arm_5.1.6/bin/armcl" -mv7M4 --code_state=16 --float_support=FPv4SPD16 --abi=eabi -me -Ooff --include_path="/opt/ti/ccsv6/tools/compiler/arm_5.1.6/include" --include_path="/opt/ti/tirtos_tivac_2_10_01_38/products/TivaWare_C_Series-2.1.0.12573c/" --include_path="C:/ti/TivaWare_C_Series-2.1.0.12573/examples/boards/ek-tm4c123gxl" --include_path="C:/ti/TivaWare_C_Series-2.1.0.12573" --preinclude="stdint.h" --preinclude="stdbool.h" -g --gcc --define=ccs="ccs" --define=PART_TM4C123GH6PM --define=TARGET_IS_TM4C123_RB1 --display_error_number --diag_warning=225 --diag_wrap=off --gen_func_subsections=on --ual --preproc_with_compile --preproc_dependency="armV4_2/armMainV4_2Testing.pp" --obj_directory="armV4_2"  "../armV4_2/armMainV4_2Testing.c"
"../armV4_2/armMainV4_2Testing.c", line 87: error #167: too few arguments in function call
"../armV4_2/armMainV4_2Testing.c", line 143: error #20: identifier "UART_DYNO" is undefined
"../armV4_2/armMainV4_2Testing.c", line 143: error #167: too few arguments in function call
"../armV4_2/armMainV4_2Testing.c", line 148: error #20: identifier "UART_DYNO" is undefined
"../armV4_2/armMainV4_2Testing.c", line 148: error #167: too few arguments in function call
"../armV4_2/armMainV4_2Testing.c", line 153: error #20: identifier "UART_DYNO" is undefined
"../armV4_2/armMainV4_2Testing.c", line 153: error #167: too few arguments in function call
"../armV4_2/armMainV4_2Testing.c", line 158: error #20: identifier "UART_DYNO" is undefined
"../armV4_2/armMainV4_2Testing.c", line 158: error #167: too few arguments in function call
"../armV4_2/armMainV4_2Testing.c", line 163: error #20: identifier "UART_DYNO" is undefined
"../armV4_2/armMainV4_2Testing.c", line 163: error #167: too few arguments in function call
"../armV4_2/armMainV4_2Testing.c", line 168: error #20: identifier "UART_DYNO" is undefined
"../armV4_2/armMainV4_2Testing.c", line 168: error #20: identifier "pos" is undefined
"../armV4_2/armMainV4_2Testing.c", line 173: error #20: identifier "UART_DYNO" is undefined
"../armV4_2/armMainV4_2Testing.c", line 173: error #167: too few arguments in function call
"../armV4_2/armMainV4_2Testing.c", line 178: error #20: identifier "UART_DYNO" is undefined
"../armV4_2/armMainV4_2Testing.c", line 178: error #167: too few arguments in function call

>> Compilation failure
"../armV4_2/armMainV4_2Testing.c", line 183: warning #225-D: function "setReverse" declared implicitly
"../armV4_2/armMainV4_2Testing.c", line 185: warning #225-D: function "setStop" declared implicitly
"../armV4_2/armMainV4_2Testing.c", line 190: warning #225-D: function "setForward" declared implicitly
"../armV4_2/armMainV4_2Testing.c", line 192: warning #225-D: function "setStop" declared implicitly
"../armV4_2/armMainV4_2Testing.c", line 197: error #20: identifier "INCREMENT" is undefined
"../armV4_2/armMainV4_2Testing.c", line 198: error #20: identifier "UART_DYNO" is undefined
"../armV4_2/armMainV4_2Testing.c", line 203: error #20: identifier "INCREMENT" is undefined
"../armV4_2/armMainV4_2Testing.c", line 204: error #20: identifier "UART_DYNO" is undefined
"../armV4_2/armMainV4_2Testing.c", line 292: error #148: declaration is incompatible with "void resetStruct(void *, int)" (declared at line 81 of "../armV4_2/armMainV4.h")
"../armV4_2/armMainV4_2Testing.c", line 310: warning #161-D: declaration is incompatible with previous "setForward" (declared at line 190)
"../armV4_2/armMainV4_2Testing.c", line 317: warning #161-D: declaration is incompatible with previous "setReverse" (declared at line 183)
"../armV4_2/armMainV4_2Testing.c", line 324: warning #161-D: declaration is incompatible with previous "setStop" (declared at line 185)
Building file: ../armV4_2/dynamixel.c
"../armV4_2/armMainV4_2Testing.c", line 340: error #20: identifier "UART_DYNO" is undefined
Invoking: ARM Compiler
"/opt/ti/ccsv6/tools/compiler/arm_5.1.6/bin/armcl" -mv7M4 --code_state=16 --float_support=FPv4SPD16 --abi=eabi -me -Ooff --include_path="/opt/ti/ccsv6/tools/compiler/arm_5.1.6/include" --include_path="/opt/ti/tirtos_tivac_2_10_01_38/products/TivaWare_C_Series-2.1.0.12573c/" --include_path="C:/ti/TivaWare_C_Series-2.1.0.12573/examples/boards/ek-tm4c123gxl" --include_path="C:/ti/TivaWare_C_Series-2.1.0.12573" --preinclude="stdint.h" --preinclude="stdbool.h" -g --gcc --define=ccs="ccs" --define=PART_TM4C123GH6PM --define=TARGET_IS_TM4C123_RB1 --display_error_number --diag_warning=225 --diag_wrap=off --gen_func_subsections=on --ual --preproc_with_compile --preproc_dependency="armV4_2/dynamixel.pp" --obj_directory="armV4_2"  "../armV4_2/dynamixel.c"
23 errors detected in the compilation of "../armV4_2/armMainV4_2Testing.c".
gmake: *** [armV4_2/armMainV4_2Testing.obj] Error 1
Finished building: ../armV4_2/dynamixel.c
 
gmake: Target `all' not remade because of errors.

**** Build Finished ****
